<?xml version="1.0" encoding="UTF-8"?>
<!-- Generated by org.testng.reporters.JUnitReportReporter -->
<testsuite hostname="LapWinX-DAC104" failures="0" tests="2" name="cucumber.tests.TestRunner" time="36.769" errors="0" timestamp="2022-02-28T14:32:17 IST" skipped="0">
  <testcase classname="cucumber.tests.TestRunner" name="scenario" time="18.500"/>
  <system-out/>
  <testcase classname="cucumber.tests.TestRunner" name="scenario" time="18.269"/>
  <system-out/>
</testsuite> <!-- cucumber.tests.TestRunner -->
